# JRE version: Java(TM) SE Runtime Environment 18.9 (11.0.16+11) (build 11.0.16+11-LTS-199)
# Java VM: Java HotSpot(TM) 64-Bit Server VM 18.9 (11.0.16+11-LTS-199, mixed mode, tiered, compressed oops, g1 gc, windows-amd64)
Heap:
 garbage-first heap   total 78848K, used 31561K [0x00000000c1e00000, 0x0000000100000000)
  region size 1024K, 16 young (16384K), 3 survivors (3072K)
 Metaspace       used 47438K, capacity 48690K, committed 48896K, reserved 1091584K
  class space    used 5850K, capacity 6347K, committed 6400K, reserved 1048576K
GC Heap History (10 events):
Event: 9.428 GC heap before
{Heap before GC invocations=8 (full 0):
 garbage-first heap   total 65536K, used 43243K [0x00000000c1e00000, 0x0000000100000000)
  region size 1024K, 33 young (33792K), 3 survivors (3072K)
 Metaspace       used 30393K, capacity 31221K, committed 31488K, reserved 1077248K
  class space    used 3489K, capacity 3826K, committed 3840K, reserved 1048576K
}
Event: 9.445 GC heap after
{Heap after GC invocations=9 (full 0):
 garbage-first heap   total 65536K, used 13925K [0x00000000c1e00000, 0x0000000100000000)
  region size 1024K, 4 young (4096K), 4 survivors (4096K)
 Metaspace       used 30393K, capacity 31221K, committed 31488K, reserved 1077248K
  class space    used 3489K, capacity 3826K, committed 3840K, reserved 1048576K
}
Event: 11.545 GC heap before
{Heap before GC invocations=9 (full 0):
 garbage-first heap   total 65536K, used 45669K [0x00000000c1e00000, 0x0000000100000000)
  region size 1024K, 35 young (35840K), 4 survivors (4096K)
 Metaspace       used 34245K, capacity 35237K, committed 35456K, reserved 1081344K
  class space    used 4057K, capacity 4457K, committed 4480K, reserved 1048576K
}
Event: 11.577 GC heap after
{Heap after GC invocations=10 (full 0):
 garbage-first heap   total 78848K, used 16102K [0x00000000c1e00000, 0x0000000100000000)
  region size 1024K, 4 young (4096K), 4 survivors (4096K)
 Metaspace       used 34245K, capacity 35237K, committed 35456K, reserved 1081344K
  class space    used 4057K, capacity 4457K, committed 4480K, reserved 1048576K
}
Event: 11.728 GC heap before
{Heap before GC invocations=10 (full 0):
 garbage-first heap   total 78848K, used 19174K [0x00000000c1e00000, 0x0000000100000000)
  region size 1024K, 8 young (8192K), 4 survivors (4096K)
 Metaspace       used 34785K, capacity 35750K, committed 35840K, reserved 1081344K
  class space    used 4109K, capacity 4521K, committed 4608K, reserved 1048576K
}
Event: 11.747 GC heap after
{Heap after GC invocations=11 (full 0):
 garbage-first heap   total 78848K, used 16446K [0x00000000c1e00000, 0x0000000100000000)
  region size 1024K, 3 young (3072K), 3 survivors (3072K)
 Metaspace       used 34785K, capacity 35750K, committed 35840K, reserved 1081344K
  class space    used 4109K, capacity 4521K, committed 4608K, reserved 1048576K
}
Event: 13.214 GC heap before
{Heap before GC invocations=12 (full 0):
 garbage-first heap   total 78848K, used 45118K [0x00000000c1e00000, 0x0000000100000000)
  region size 1024K, 31 young (31744K), 3 survivors (3072K)
 Metaspace       used 37876K, capacity 38974K, committed 39040K, reserved 1083392K
  class space    used 4484K, capacity 4934K, committed 4992K, reserved 1048576K
}
Event: 13.236 GC heap after
{Heap after GC invocations=13 (full 0):
 garbage-first heap   total 78848K, used 18083K [0x00000000c1e00000, 0x0000000100000000)
  region size 1024K, 2 young (2048K), 2 survivors (2048K)
 Metaspace       used 37876K, capacity 38974K, committed 39040K, reserved 1083392K
  class space    used 4484K, capacity 4934K, committed 4992K, reserved 1048576K
}
Event: 15.022 GC heap before
{Heap before GC invocations=13 (full 0):
 garbage-first heap   total 78848K, used 47779K [0x00000000c1e00000, 0x0000000100000000)
  region size 1024K, 31 young (31744K), 2 survivors (2048K)
 Metaspace       used 43845K, capacity 44910K, committed 45056K, reserved 1089536K
  class space    used 5446K, capacity 5887K, committed 5888K, reserved 1048576K
}
Event: 15.037 GC heap after
{Heap after GC invocations=14 (full 0):
 garbage-first heap   total 78848K, used 19273K [0x00000000c1e00000, 0x0000000100000000)
  region size 1024K, 3 young (3072K), 3 survivors (3072K)
 Metaspace       used 43845K, capacity 44910K, committed 45056K, reserved 1089536K
  class space    used 5446K, capacity 5887K, committed 5888K, reserved 1048576K
}

